app/build/intermediates/manifest_merge_blame_file/debug/manifest-merger-blame-debug-report.txt
1<?xml version="1.0" encoding="utf-8"?>
2<manifest xmlns:android="http://schemas.android.com/apk/res/android"
3    package="com.procatdt.appbluetooth"
4    android:versionCode="1"
5    android:versionName="1.0" >
6
7    <uses-sdk
8        android:minSdkVersion="19"
8-->src\main\AndroidManifest.xml
9        android:targetSdkVersion="26" />
9-->src\main\AndroidManifest.xml
10
11    <uses-permission android:name="android.permission.BLUETOOTH_ADMIN" />
11-->src\main\AndroidManifest.xml:23:5-74
11-->src\main\AndroidManifest.xml:23:22-71
12    <uses-permission android:name="android.permission.ACCESS_LOCATION" />
12-->src\main\AndroidManifest.xml:24:5-74
12-->src\main\AndroidManifest.xml:24:22-71
13    <uses-permission android:name="android.permission.ACCESS_COARSE_LOCATION" />
13-->src\main\AndroidManifest.xml:25:5-81
13-->src\main\AndroidManifest.xml:25:22-78
14    <uses-permission android:name="android.permission.READ_EXTERNAL_STORAGE" />
14-->src\main\AndroidManifest.xml:26:5-80
14-->src\main\AndroidManifest.xml:26:22-77
15    <uses-permission android:name="android.permission.WRITE_EXTERNAL_STORAGE" />
15-->src\main\AndroidManifest.xml:27:5-81
15-->src\main\AndroidManifest.xml:27:22-78
16    <uses-permission android:name="android.permission.READ_INTERNAL_STORAGE" />
16-->src\main\AndroidManifest.xml:28:5-80
16-->src\main\AndroidManifest.xml:28:22-77
17    <uses-permission android:name="android.permission.WRITE_INTERNAL_STORAGE" />
17-->src\main\AndroidManifest.xml:29:5-81
17-->src\main\AndroidManifest.xml:29:22-78
18    <uses-permission android:name="android.permission.BLUETOOTH" />
18-->src\main\AndroidManifest.xml:31:5-68
18-->src\main\AndroidManifest.xml:31:22-65
19
20    <application
20-->src\main\AndroidManifest.xml:5:5-22:19
21        android:name="com.procatdt.appbluetooth.StartApp"
21-->src\main\AndroidManifest.xml:6:9-33
22        android:allowBackup="true"
22-->src\main\AndroidManifest.xml:7:9-35
23        android:debuggable="true"
24        android:icon="@mipmap/ic_launcher"
24-->src\main\AndroidManifest.xml:8:9-43
25        android:label="@string/app_name"
25-->src\main\AndroidManifest.xml:9:9-41
26        android:roundIcon="@mipmap/ic_launcher_round"
26-->src\main\AndroidManifest.xml:10:9-54
27        android:supportsRtl="true"
27-->src\main\AndroidManifest.xml:11:9-35
28        android:theme="@style/AppTheme" >
28-->src\main\AndroidManifest.xml:12:9-40
29        <activity android:name="com.procatdt.appbluetooth.MainActivity" >
29-->src\main\AndroidManifest.xml:13:9-20:20
29-->src\main\AndroidManifest.xml:13:19-47
30            <intent-filter>
30-->src\main\AndroidManifest.xml:14:13-19:29
31                <action android:name="android.intent.action.MAIN" />
31-->src\main\AndroidManifest.xml:15:17-69
31-->src\main\AndroidManifest.xml:15:25-66
32                <action android:name="android.intent.action.VIEW" />
32-->src\main\AndroidManifest.xml:16:17-69
32-->src\main\AndroidManifest.xml:16:25-66
33
34                <category android:name="android.intent.category.LAUNCHER" />
34-->src\main\AndroidManifest.xml:18:17-77
34-->src\main\AndroidManifest.xml:18:27-74
35            </intent-filter>
36        </activity>
37        <activity android:name="com.procatdt.appbluetooth.PrintActivity" />
37-->src\main\AndroidManifest.xml:21:9-51
37-->src\main\AndroidManifest.xml:21:19-48
38
39        <meta-data
39-->[com.android.support:design:26.1.0] AndroidManifest.xml:26:9-28:38
40            android:name="android.support.VERSION"
40-->[com.android.support:design:26.1.0] AndroidManifest.xml:27:13-51
41            android:value="26.1.0" />
41-->[com.android.support:design:26.1.0] AndroidManifest.xml:28:13-35
42        <meta-data
42-->[android.arch.lifecycle:runtime:1.0.0] AndroidManifest.xml:25:9-27:47
43            android:name="android.arch.lifecycle.VERSION"
43-->[android.arch.lifecycle:runtime:1.0.0] AndroidManifest.xml:26:13-58
44            android:value="27.0.0-SNAPSHOT" />
44-->[android.arch.lifecycle:runtime:1.0.0] AndroidManifest.xml:27:13-44
45    </application>
46
47</manifest>